<?xml version="1.0" encoding="UTF-8"?>
<testng-results skipped="0" failed="0" ignored="0" total="1" passed="1">
  <reporter-output>
  </reporter-output>
  <suite name="Suite" duration-ms="3758" started-at="2020-08-17T09:24:36Z" finished-at="2020-08-17T09:24:40Z">
    <groups>
    </groups>
    <test name="Test" duration-ms="3758" started-at="2020-08-17T09:24:36Z" finished-at="2020-08-17T09:24:40Z">
      <class name="quick.Excel.SampleTest">
        <test-method status="PASS" signature="samp()[pri:0, instance:quick.Excel.SampleTest@6591f517]" name="samp" duration-ms="3593" started-at="2020-08-17T14:54:36Z" finished-at="2020-08-17T14:54:40Z">
          <reporter-output>
          </reporter-output>
        </test-method> <!-- samp -->
      </class> <!-- quick.Excel.SampleTest -->
    </test> <!-- Test -->
  </suite> <!-- Suite -->
</testng-results>
